<?xml version="1.0" encoding="UTF-8"?>
<testng-results skipped="0" failed="0" total="0" passed="0">
  <reporter-output>
  </reporter-output>
  <suite name="tests.BaseTest" duration-ms="0" started-at="2023-01-24T22:27:27Z" finished-at="2023-01-24T22:27:27Z">
    <groups>
    </groups>
    <test name="Command line test" duration-ms="0" started-at="2023-01-24T22:27:27Z" finished-at="2023-01-24T22:27:27Z">
    </test> <!-- Command line test -->
  </suite> <!-- tests.BaseTest -->
</testng-results>
